#
# A fatal error has been detected by the Java Runtime Environment:
#
#  SIGSEGV (0xb) at pc=0x0000000104c1a5cb, pid=97761, tid=12547
#
# JRE version: Java(TM) SE Runtime Environment (8.0_25-b17) (build 1.8.0_25-b17)
# Java VM: Java HotSpot(TM) 64-Bit Server VM (25.25-b02 mixed mode bsd-amd64 compressed oops)
# Problematic frame:
# V  [libjvm.dylib+0x41a5cb]
#
# Failed to write core dump. Core dumps have been disabled. To enable core dumping, try "ulimit -c unlimited" before starting Java again
#
# If you would like to submit a bug report, please visit:
#   http://bugreport.sun.com/bugreport/crash.jsp
#

---------------  T H R E A D  ---------------

Current thread (0x00007fd48285d000):  VMThread [stack: 0x0000000118419000,0x0000000118519000] [id=12547]

siginfo: si_signo: 11 (SIGSEGV), si_code: 1 (SEGV_MAPERR), si_addr: 0x0000000000000048

Registers:
RAX=0x0000000000000000, RBX=0x0000000104c1a5c4, RCX=0x0000000125c0ca38, RDX=0x000000013452a000
RSP=0x0000000118517f20, RBP=0x0000000118517f20, RSI=0x0000000000000001, RDI=0x00000001276bfed8
R8 =0x0000000080000008, R9 =0x0000000080080008, R10=0x0000000000000001, R11=0x0000000000002000
R12=0x0000000000000000, R13=0x00007fd4865956c0, R14=0x00007fd4754ba2a0, R15=0x00000000000003f6
RIP=0x0000000104c1a5cb, EFLAGS=0x0000000000010287, ERR=0x0000000000000004
  TRAPNO=0x000000000000000e

Top of Stack: (sp=0x0000000118517f20)
0x0000000118517f20:   0000000118517f50 000000010496b706
0x0000000118517f30:   0000000118517f50 0000000104c1a5c4
0x0000000118517f40:   00007fd484001800 0000000118518750
0x0000000118517f50:   0000000118518570 0000000104d344f7
0x0000000118517f60:   0000000104da7944 000000011afd9968
0x0000000118517f70:   000000010581f4e7 000000010581f3d0
0x0000000118517f80:   0000003d00000000 000000011afd99d0
0x0000000118517f90:   000000011afd9968 0000003d00000000
0x0000000118517fa0:   0000000200000fbf 0000105c0000003d
0x0000000118517fb0:   0000000200000003 00000000000016d1
0x0000000118517fc0:   00000fbf0000003d 0000003d00000002
0x0000000118517fd0:   000000030000105c 000016d600000002
0x0000000118517fe0:   0000003d00000000 000000011afd9958
0x0000000118517ff0:   000000011afd9958 0000000104da793e
0x0000000118518000:   fffffff6000016db 0000000000000001
0x0000000118518010:   00007fff958609c9 0000000000000013
0x0000000118518020:   0000000000000001 0000000000000001
0x0000000118518030:   0000000000000000 0000000000000000
0x0000000118518040:   0000000000000000 0000000100000000
0x0000000118518050:   0000000118518798 0000000000000003
0x0000000118518060:   00000001185184b0 0000000000000000
0x0000000118518070:   00000001185180a0 0000000104c3da2c
0x0000000118518080:   00000001185180b0 00007fd481e177d0
0x0000000118518090:   00000001185180b0 0000000104c427a2
0x00000001185180a0:   00000001185180c0 0000000104c427a2
0x00000001185180b0:   00000001185180d0 0000000118518168
0x00000001185180c0:   00000001185180e0 0000000104c3db32
0x00000001185180d0:   0000000118518168 000000010581c948
0x00000001185180e0:   0000000118518120 0000000104a3d282
0x00000001185180f0:   000000010581c460 0000000118518168
0x0000000118518100:   0000000118518168 0000000000000800
0x0000000118518110:   00000001185181e0 00000001185181b0 

Instructions: (pc=0x0000000104c1a5cb)
0x0000000104c1a5ab:   48 89 df 48 83 c4 08 5b 5d e9 91 04 12 00 90 55
0x0000000104c1a5bb:   48 89 e5 5d e9 72 ff ff ff 55 48 89 e5 48 8b 07
0x0000000104c1a5cb:   48 8b 40 48 be 01 00 00 00 5d ff e0 90 55 48 89
0x0000000104c1a5db:   e5 48 8d 35 e1 ff ff ff 5d e9 99 55 02 00 90 90 

Register to memory mapping:

RAX=0x0000000000000000 is an unknown value
RBX=0x0000000104c1a5c4: _ZN8Metadata13mark_on_stackEPS_+0 in /Library/Java/JavaVirtualMachines/jdk1.8.0_25.jdk/Contents/Home/jre/lib/server/libjvm.dylib at 0x0000000104800000
RCX={method} {0x0000000125c0ca38} 'reinvoke' '(Ljava/lang/Object;Ljava/lang/Object;Ljava/lang/Object;Ljava/lang/Object;)Ljava/lang/Object;' in 'java/lang/invoke/LambdaForm$BMH'
RDX=0x000000013452a000 is an unknown value
RSP=0x0000000118517f20 is an unknown value
RBP=0x0000000118517f20 is an unknown value
RSI=0x0000000000000001 is an unknown value
RDI=0x00000001276bfed8 is pointing into metadata
R8 =0x0000000080000008 is an unknown value
R9 =0x0000000080080008 is an unknown value
R10=0x0000000000000001 is an unknown value
R11=0x0000000000002000 is an unknown value
R12=0x0000000000000000 is an unknown value
R13=0x00007fd4865956c0 is an unknown value
R14=0x00007fd4754ba2a0 is an unknown value
R15=0x00000000000003f6 is an unknown value


Stack: [0x0000000118419000,0x0000000118519000],  sp=0x0000000118517f20,  free space=1019k
Native frames: (J=compiled Java code, j=interpreted, Vv=VM code, C=native code)
V  [libjvm.dylib+0x41a5cb]
V  [libjvm.dylib+0x16b706]
V  [libjvm.dylib+0x5344f7]
V  [libjvm.dylib+0x534527]
V  [libjvm.dylib+0x41a592]
V  [libjvm.dylib+0x1864f8]
V  [libjvm.dylib+0x506e1a]
V  [libjvm.dylib+0x494e1a]
V  [libjvm.dylib+0x49631f]
V  [libjvm.dylib+0x49a5e2]
V  [libjvm.dylib+0x46f4a3]
V  [libjvm.dylib+0x57a6f0]
V  [libjvm.dylib+0x580c21]
V  [libjvm.dylib+0x57f293]
V  [libjvm.dylib+0x57f6e0]
V  [libjvm.dylib+0x57efff]
V  [libjvm.dylib+0x45d87e]
C  [libsystem_pthread.dylib+0x32fc]  _pthread_body+0x83
C  [libsystem_pthread.dylib+0x3279]  _pthread_body+0x0
C  [libsystem_pthread.dylib+0x14b1]  thread_start+0xd

VM_Operation (0x0000000126258cf8): ParallelGCFailedAllocation, mode: safepoint, requested by thread 0x00007fd4780bb800


---------------  P R O C E S S  ---------------

Java Threads: ( => current thread )
  0x00007fd4860fb800 JavaThread "Ruby-0-Thread-689: /Users/chrisfitzpatrick/Documents/archivesspace/build/gems/gems/puma-2.8.2-java/lib/puma/reactor.rb:73" daemon [_thread_blocked, id=30171, stack(0x000000012da93000,0x000000012db93000)]
  0x00007fd4860f4000 JavaThread "Ruby-0-Thread-688: /Users/chrisfitzpatrick/Documents/archivesspace/build/gems/gems/puma-2.8.2-java/lib/puma/reactor.rb:73" daemon [_thread_blocked, id=28439, stack(0x000000012d6ed000,0x000000012d7ed000)]
  0x00007fd476c6e000 JavaThread "Ruby-0-Thread-687: /Users/chrisfitzpatrick/Documents/archivesspace/build/gems/gems/puma-2.8.2-java/lib/puma/reactor.rb:73" daemon [_thread_blocked, id=28975, stack(0x000000012cd21000,0x000000012ce21000)]
  0x00007fd48825d000 JavaThread "Ruby-0-Thread-686: /Users/chrisfitzpatrick/Documents/archivesspace/build/gems/gems/puma-2.8.2-java/lib/puma/reactor.rb:73" daemon [_thread_blocked, id=16215, stack(0x000000012c197000,0x000000012c297000)]
  0x00007fd489748000 JavaThread "Ruby-0-Thread-685: /Users/chrisfitzpatrick/Documents/archivesspace/build/gems/gems/puma-2.8.2-java/lib/puma/reactor.rb:73" daemon [_thread_blocked, id=27939, stack(0x000000012b77a000,0x000000012b87a000)]
  0x00007fd48f913800 JavaThread "Ruby-0-Thread-684: /Users/chrisfitzpatrick/Documents/archivesspace/build/gems/gems/puma-2.8.2-java/lib/puma/reactor.rb:73" daemon [_thread_blocked, id=15139, stack(0x000000012ab78000,0x000000012ac78000)]
  0x00007fd476848000 JavaThread "Ruby-0-Thread-683: /Users/chrisfitzpatrick/Documents/archivesspace/build/gems/gems/puma-2.8.2-java/lib/puma/reactor.rb:73" daemon [_thread_blocked, id=27455, stack(0x0000000129715000,0x0000000129815000)]
  0x00007fd488547800 JavaThread "Ruby-0-Thread-682: /Users/chrisfitzpatrick/Documents/archivesspace/build/gems/gems/puma-2.8.2-java/lib/puma/reactor.rb:73" daemon [_thread_blocked, id=29471, stack(0x00000001259e4000,0x0000000125ae4000)]
  0x00007fd4780bb800 JavaThread "Ruby-0-Thread-681: /Users/chrisfitzpatrick/Documents/archivesspace/build/gems/gems/puma-2.8.2-java/lib/puma/server.rb:296" daemon [_thread_blocked, id=24115, stack(0x0000000126166000,0x0000000126266000)]
  0x00007fd487101800 JavaThread "Ruby-0-Thread-9: /Users/chrisfitzpatrick/Documents/archivesspace/build/gems/gems/puma-2.8.2-java/lib/puma/server.rb:273" daemon [_thread_in_native, id=26371, stack(0x000000011ef42000,0x000000011f042000)]
  0x00007fd487538000 JavaThread "Ruby-0-Thread-8: /Users/chrisfitzpatrick/Documents/archivesspace/build/gems/gems/puma-2.8.2-java/lib/puma/thread_pool.rb:148" daemon [_thread_blocked, id=25859, stack(0x000000011c512000,0x000000011c612000)]
  0x00007fd487c43800 JavaThread "Ruby-0-Thread-7: /Users/chrisfitzpatrick/Documents/archivesspace/build/gems/gems/puma-2.8.2-java/lib/puma/reactor.rb:124" daemon [_thread_in_native, id=25347, stack(0x000000011ab1a000,0x000000011ac1a000)]
  0x00007fd482b9e000 JavaThread "Ruby-0-Thread-6: /Users/chrisfitzpatrick/Documents/archivesspace/frontend/app/models/edit_mediator.rb:130" daemon [_thread_blocked, id=24835, stack(0x000000011e4de000,0x000000011e5de000)]
  0x00007fd484158000 JavaThread "Ruby-0-Thread-5: /Users/chrisfitzpatrick/Documents/archivesspace/frontend/app/models/edit_mediator.rb:111" daemon [_thread_blocked, id=24583, stack(0x000000011e3db000,0x000000011e4db000)]
  0x00007fd4883ee800 JavaThread "Ruby-0-Thread-4: /Users/chrisfitzpatrick/Documents/archivesspace/common/jsonmodel_client.rb:71" daemon [_thread_in_native, id=14347, stack(0x000000011f435000,0x000000011f535000)]
  0x00007fd487280800 JavaThread "Abandoned connection cleanup thread" daemon [_thread_blocked, id=22787, stack(0x000000011d482000,0x000000011d582000)]
  0x00007fd485192800 JavaThread "Ruby-0-JIT-2" daemon [_thread_blocked, id=22275, stack(0x000000011c40f000,0x000000011c50f000)]
  0x00007fd484175800 JavaThread "Ruby-0-JIT-1" daemon [_thread_blocked, id=21763, stack(0x000000011aeda000,0x000000011afda000)]
  0x00007fd482866000 JavaThread "Service Thread" daemon [_thread_blocked, id=20739, stack(0x000000011a46f000,0x000000011a56f000)]
  0x00007fd484805000 JavaThread "C1 CompilerThread3" daemon [_thread_blocked, id=20227, stack(0x000000011a36c000,0x000000011a46c000)]
  0x00007fd482028800 JavaThread "C2 CompilerThread2" daemon [_thread_blocked, id=19715, stack(0x000000011a269000,0x000000011a369000)]
  0x00007fd484001800 JavaThread "C2 CompilerThread1" daemon [_thread_in_native, id=19203, stack(0x000000011a166000,0x000000011a266000)]
  0x00007fd48283d000 JavaThread "C2 CompilerThread0" daemon [_thread_blocked, id=18691, stack(0x000000011a063000,0x000000011a163000)]
  0x00007fd48285d800 JavaThread "Signal Dispatcher" daemon [_thread_blocked, id=15383, stack(0x0000000119f60000,0x000000011a060000)]
  0x00007fd484800000 JavaThread "Finalizer" daemon [_thread_blocked, id=13571, stack(0x000000011861f000,0x000000011871f000)]
  0x00007fd48201a000 JavaThread "Reference Handler" daemon [_thread_blocked, id=13059, stack(0x000000011851c000,0x000000011861c000)]
  0x00007fd482801000 JavaThread "main" [_thread_blocked, id=4867, stack(0x000000010571d000,0x000000010581d000)]

Other Threads:
=>0x00007fd48285d000 VMThread [stack: 0x0000000118419000,0x0000000118519000] [id=12547]
  0x00007fd484035000 WatcherThread [stack: 0x000000011a572000,0x000000011a672000] [id=21251]

VM state:at safepoint (normal execution)

VM Mutex/Monitor currently owned by a thread:  ([mutex/lock_event])
[0x00007fd481c211f0] Threads_lock - owner thread: 0x00007fd48285d000
[0x00007fd481c216f0] Heap_lock - owner thread: 0x00007fd4780bb800

Heap:
 PSYoungGen      total 63488K, used 55808K [0x00000007bab00000, 0x00000007bf080000, 0x00000007c0000000)
  eden space 55808K, 100% used [0x00000007bab00000,0x00000007be180000,0x00000007be180000)
  from space 7680K, 0% used [0x00000007be900000,0x00000007be900000,0x00000007bf080000)
  to   space 7680K, 0% used [0x00000007be180000,0x00000007be180000,0x00000007be900000)
 ParOldGen       total 175104K, used 174901K [0x00000007b0000000, 0x00000007bab00000, 0x00000007bab00000)
  object space 175104K, 99% used [0x00000007b0000000,0x00000007baacd728,0x00000007bab00000)
 Metaspace       used 195054K, capacity 330017K, committed 449328K, reserved 1384448K
  class space    used 58976K, capacity 81055K, committed 115064K, reserved 1048576K

Card table byte_map: [0x0000000103772000,0x00000001037f3000] byte_map_base: 0x00000000ff9f2000

Marking Bits: (ParMarkBitMap*) 0x000000010509d390
 Begin Bits: [0x000000011544d000, 0x000000011584d000)
 End Bits:   [0x000000011584d000, 0x0000000115c4d000)

Polling page: 0x000000010375f000

CodeCache: size=245760Kb used=139037Kb max_used=190238Kb free=106722Kb
 bounds [0x000000010581f000, 0x000000011164f000, 0x000000011481f000]
 total_blobs=23145 nmethods=22510 adapters=546
 compilation: enabled

Compilation events (10 events):
Event: 1062.284 Thread 0x00007fd484805000 nmethod 65623 0x0000000107c685d0 code [0x0000000107c68780, 0x0000000107c68e10]
Event: 1062.284 Thread 0x00007fd484805000 65610       3       java.lang.invoke.LambdaForm$MH/1533134010::collect (19 bytes)
Event: 1062.286 Thread 0x00007fd484805000 nmethod 65610 0x0000000107d37550 code [0x0000000107d37740, 0x0000000107d37ff0]
Event: 1062.286 Thread 0x00007fd484805000 65611       3       java.lang.invoke.LambdaForm$MH/1978322174::guard (86 bytes)
Event: 1062.290 Thread 0x00007fd484805000 nmethod 65611 0x000000010e491010 code [0x000000010e491360, 0x000000010e493048]
Event: 1062.292 Thread 0x00007fd482028800 nmethod 65599 0x000000010ed83b90 code [0x000000010ed83e40, 0x000000010ed84e90]
Event: 1062.292 Thread 0x00007fd482028800 65627       4       java.lang.invoke.LambdaForm$MH/533289253::collect (76 bytes)
Event: 1062.299 Thread 0x00007fd484805000 65634       3       java.lang.invoke.LambdaForm$MH/1693302018::guard (80 bytes)
Event: 1062.302 Thread 0x00007fd484805000 nmethod 65634 0x000000010c9b27d0 code [0x000000010c9b2ba0, 0x000000010c9b5128]
Event: 1062.302 Thread 0x00007fd484805000 65638       2       rubyjit.Rack::Utils$$parse_query_b5db74ad9adc5f81d78b3dcf3e29562d5b9a3bd6668849042::block_0$RUBY$__file__ (370 bytes)

GC Heap History (10 events):
Event: 1045.053 GC heap after
Heap after GC invocations=485 (full 29):
 PSYoungGen      total 63488K, used 66K [0x00000007bab00000, 0x00000007bf080000, 0x00000007c0000000)
  eden space 55808K, 0% used [0x00000007bab00000,0x00000007bab10890,0x00000007be180000)
  from space 7680K, 0% used [0x00000007be900000,0x00000007be900000,0x00000007bf080000)
  to   space 7680K, 0% used [0x00000007be180000,0x00000007be180000,0x00000007be900000)
 ParOldGen       total 175104K, used 175045K [0x00000007b0000000, 0x00000007bab00000, 0x00000007bab00000)
  object space 175104K, 99% used [0x00000007b0000000,0x00000007baaf1798,0x00000007bab00000)
 Metaspace       used 206411K, capacity 356291K, committed 449328K, reserved 1384448K
  class space    used 61945K, capacity 85139K, committed 115064K, reserved 1048576K
}
Event: 1048.466 GC heap before
{Heap before GC invocations=486 (full 30):
 PSYoungGen      total 63488K, used 55808K [0x00000007bab00000, 0x00000007bf080000, 0x00000007c0000000)
  eden space 55808K, 100% used [0x00000007bab00000,0x00000007be180000,0x00000007be180000)
  from space 7680K, 0% used [0x00000007be900000,0x00000007be900000,0x00000007bf080000)
  to   space 7680K, 0% used [0x00000007be180000,0x00000007be180000,0x00000007be900000)
 ParOldGen       total 175104K, used 175045K [0x00000007b0000000, 0x00000007bab00000, 0x00000007bab00000)
  object space 175104K, 99% used [0x00000007b0000000,0x00000007baaf1798,0x00000007bab00000)
 Metaspace       used 206996K, capacity 357279K, committed 449328K, reserved 1384448K
  class space    used 62175K, capacity 85455K, committed 115064K, reserved 1048576K
Event: 1049.204 GC heap after
Heap after GC invocations=486 (full 30):
 PSYoungGen      total 63488K, used 405K [0x00000007bab00000, 0x00000007bf080000, 0x00000007c0000000)
  eden space 55808K, 0% used [0x00000007bab00000,0x00000007bab654a0,0x00000007be180000)
  from space 7680K, 0% used [0x00000007be900000,0x00000007be900000,0x00000007bf080000)
  to   space 7680K, 0% used [0x00000007be180000,0x00000007be180000,0x00000007be900000)
 ParOldGen       total 175104K, used 175083K [0x00000007b0000000, 0x00000007bab00000, 0x00000007bab00000)
  object space 175104K, 99% used [0x00000007b0000000,0x00000007baafae30,0x00000007bab00000)
 Metaspace       used 206920K, capacity 357175K, committed 449328K, reserved 1384448K
  class space    used 62140K, capacity 85407K, committed 115064K, reserved 1048576K
}
Event: 1051.965 GC heap before
{Heap before GC invocations=487 (full 31):
 PSYoungGen      total 63488K, used 55808K [0x00000007bab00000, 0x00000007bf080000, 0x00000007c0000000)
  eden space 55808K, 100% used [0x00000007bab00000,0x00000007be180000,0x00000007be180000)
  from space 7680K, 0% used [0x00000007be900000,0x00000007be900000,0x00000007bf080000)
  to   space 7680K, 0% used [0x00000007be180000,0x00000007be180000,0x00000007be900000)
 ParOldGen       total 175104K, used 175083K [0x00000007b0000000, 0x00000007bab00000, 0x00000007bab00000)
  object space 175104K, 99% used [0x00000007b0000000,0x00000007baafae30,0x00000007bab00000)
 Metaspace       used 207797K, capacity 358757K, committed 449328K, reserved 1384448K
  class space    used 62462K, capacity 85852K, committed 115064K, reserved 1048576K
Event: 1052.499 GC heap after
Heap after GC invocations=487 (full 31):
 PSYoungGen      total 63488K, used 717K [0x00000007bab00000, 0x00000007bf080000, 0x00000007c0000000)
  eden space 55808K, 1% used [0x00000007bab00000,0x00000007babb36a8,0x00000007be180000)
  from space 7680K, 0% used [0x00000007be900000,0x00000007be900000,0x00000007bf080000)
  to   space 7680K, 0% used [0x00000007be180000,0x00000007be180000,0x00000007be900000)
 ParOldGen       total 175104K, used 175082K [0x00000007b0000000, 0x00000007bab00000, 0x00000007bab00000)
  object space 175104K, 99% used [0x00000007b0000000,0x00000007baafab68,0x00000007bab00000)
 Metaspace       used 207660K, capacity 358583K, committed 449328K, reserved 1384448K
  class space    used 62398K, capacity 85765K, committed 115064K, reserved 1048576K
}
Event: 1058.040 GC heap before
{Heap before GC invocations=488 (full 32):
 PSYoungGen      total 63488K, used 55808K [0x00000007bab00000, 0x00000007bf080000, 0x00000007c0000000)
  eden space 55808K, 100% used [0x00000007bab00000,0x00000007be180000,0x00000007be180000)
  from space 7680K, 0% used [0x00000007be900000,0x00000007be900000,0x00000007bf080000)
  to   space 7680K, 0% used [0x00000007be180000,0x00000007be180000,0x00000007be900000)
 ParOldGen       total 175104K, used 175082K [0x00000007b0000000, 0x00000007bab00000, 0x00000007bab00000)
  object space 175104K, 99% used [0x00000007b0000000,0x00000007baafab68,0x00000007bab00000)
 Metaspace       used 208355K, capacity 359833K, committed 449328K, reserved 1384448K
  class space    used 62646K, capacity 86107K, committed 115064K, reserved 1048576K
Event: 1059.091 GC heap after
Heap after GC invocations=488 (full 32):
 PSYoungGen      total 63488K, used 454K [0x00000007bab00000, 0x00000007bf080000, 0x00000007c0000000)
  eden space 55808K, 0% used [0x00000007bab00000,0x00000007bab71aa8,0x00000007be180000)
  from space 7680K, 0% used [0x00000007be900000,0x00000007be900000,0x00000007bf080000)
  to   space 7680K, 0% used [0x00000007be180000,0x00000007be180000,0x00000007be900000)
 ParOldGen       total 175104K, used 175063K [0x00000007b0000000, 0x00000007bab00000, 0x00000007bab00000)
  object space 175104K, 99% used [0x00000007b0000000,0x00000007baaf5c48,0x00000007bab00000)
 Metaspace       used 204133K, capacity 351883K, committed 449328K, reserved 1384448K
  class space    used 61181K, capacity 84090K, committed 115064K, reserved 1048576K
}
Event: 1060.178 GC heap before
{Heap before GC invocations=489 (full 33):
 PSYoungGen      total 63488K, used 55808K [0x00000007bab00000, 0x00000007bf080000, 0x00000007c0000000)
  eden space 55808K, 100% used [0x00000007bab00000,0x00000007be180000,0x00000007be180000)
  from space 7680K, 0% used [0x00000007be900000,0x00000007be900000,0x00000007bf080000)
  to   space 7680K, 0% used [0x00000007be180000,0x00000007be180000,0x00000007be900000)
 ParOldGen       total 175104K, used 175063K [0x00000007b0000000, 0x00000007bab00000, 0x00000007bab00000)
  object space 175104K, 99% used [0x00000007b0000000,0x00000007baaf5c48,0x00000007bab00000)
 Metaspace       used 206145K, capacity 354877K, committed 449328K, reserved 1384448K
  class space    used 62051K, capacity 85287K, committed 115064K, reserved 1048576K
Event: 1060.989 GC heap after
Heap after GC invocations=489 (full 33):
 PSYoungGen      total 63488K, used 0K [0x00000007bab00000, 0x00000007bf080000, 0x00000007c0000000)
  eden space 55808K, 0% used [0x00000007bab00000,0x00000007bab00000,0x00000007be180000)
  from space 7680K, 0% used [0x00000007be900000,0x00000007be900000,0x00000007bf080000)
  to   space 7680K, 0% used [0x00000007be180000,0x00000007be180000,0x00000007be900000)
 ParOldGen       total 175104K, used 174901K [0x00000007b0000000, 0x00000007bab00000, 0x00000007bab00000)
  object space 175104K, 99% used [0x00000007b0000000,0x00000007baacd728,0x00000007bab00000)
 Metaspace       used 192537K, capacity 326149K, committed 449328K, reserved 1384448K
  class space    used 57916K, capacity 79597K, committed 115064K, reserved 1048576K
}
Event: 1062.306 GC heap before
{Heap before GC invocations=490 (full 34):
 PSYoungGen      total 63488K, used 55808K [0x00000007bab00000, 0x00000007bf080000, 0x00000007c0000000)
  eden space 55808K, 100% used [0x00000007bab00000,0x00000007be180000,0x00000007be180000)
  from space 7680K, 0% used [0x00000007be900000,0x00000007be900000,0x00000007bf080000)
  to   space 7680K, 0% used [0x00000007be180000,0x00000007be180000,0x00000007be900000)
 ParOldGen       total 175104K, used 174901K [0x00000007b0000000, 0x00000007bab00000, 0x00000007bab00000)
  object space 175104K, 99% used [0x00000007b0000000,0x00000007baacd728,0x00000007bab00000)
 Metaspace       used 195054K, capacity 330017K, committed 449328K, reserved 1384448K
  class space    used 58976K, capacity 81055K, committed 115064K, reserved 1048576K

Deoptimization events (10 events):
Event: 1033.824 Thread 0x00007fd489748000 Uncommon trap: reason=unhandled action=reinterpret pc=0x000000010ddaa328 method=java.lang.invoke.CallSite.<init>(Ljava/lang/invoke/MethodHandle;)V @ 11
Event: 1033.824 Thread 0x00007fd489748000 Uncommon trap: reason=unhandled action=reinterpret pc=0x000000010a36f8c8 method=java.lang.invoke.CallSite.<init>(Ljava/lang/invoke/MethodHandle;)V @ 11
Event: 1053.947 Thread 0x00007fd4780bb800 Uncommon trap: reason=unhandled action=reinterpret pc=0x000000010691b6b8 method=java.lang.invoke.CallSite.<init>(Ljava/lang/invoke/MethodHandle;)V @ 11
Event: 1055.399 Thread 0x00007fd4780bb800 Uncommon trap: reason=unreached action=reinterpret pc=0x00000001088eef28 method=java.lang.invoke.LambdaForm$MH/1983711301.guard(Ljava/lang/Object;Ljava/lang/Object;Ljava/lang/Object;Ljava/lang/Object;)Ljava/lang/Object; @ 27
Event: 1056.239 Thread 0x00007fd4780bb800 Uncommon trap: reason=unhandled action=reinterpret pc=0x000000010cf80bc0 method=java.lang.invoke.CallSite.<init>(Ljava/lang/invoke/MethodHandle;)V @ 11
Event: 1056.421 Thread 0x00007fd4780bb800 Uncommon trap: reason=unhandled action=reinterpret pc=0x000000010f460834 method=java.lang.invoke.CallSite.<init>(Ljava/lang/invoke/MethodHandle;)V @ 11
Event: 1056.833 Thread 0x00007fd4780bb800 Uncommon trap: reason=unhandled action=reinterpret pc=0x0000000107e0ac0c method=java.lang.invoke.CallSite.<init>(Ljava/lang/invoke/MethodHandle;)V @ 11
Event: 1057.676 Thread 0x00007fd4780bb800 Uncommon trap: reason=unhandled action=reinterpret pc=0x000000010b18bab4 method=java.lang.invoke.CallSite.<init>(Ljava/lang/invoke/MethodHandle;)V @ 11
Event: 1057.734 Thread 0x00007fd4780bb800 Uncommon trap: reason=unhandled action=reinterpret pc=0x00000001090d6a80 method=java.lang.invoke.CallSite.<init>(Ljava/lang/invoke/MethodHandle;)V @ 11
Event: 1061.169 Thread 0x00007fd4780bb800 Uncommon trap: reason=unhandled action=reinterpret pc=0x000000010c613be0 method=java.lang.invoke.CallSite.<init>(Ljava/lang/invoke/MethodHandle;)V @ 11

Internal exceptions (10 events):
Event: 1041.496 Thread 0x00007fd484175800 Exception <a 'java/security/PrivilegedActionException'> (0x00000007bd5eb378) thrown at [/HUDSON3/workspace/8-2-build-macosx-x86_64/jdk8u25/1514/hotspot/src/share/vm/prims/jvm.cpp, line 1312]
Event: 1041.497 Thread 0x00007fd484175800 Exception <a 'java/security/PrivilegedActionException'> (0x00000007bd5f2620) thrown at [/HUDSON3/workspace/8-2-build-macosx-x86_64/jdk8u25/1514/hotspot/src/share/vm/prims/jvm.cpp, line 1312]
Event: 1044.287 Thread 0x00007fd485192800 Exception <a 'java/security/PrivilegedActionException'> (0x00000007bd4f5638) thrown at [/HUDSON3/workspace/8-2-build-macosx-x86_64/jdk8u25/1514/hotspot/src/share/vm/prims/jvm.cpp, line 1312]
Event: 1044.287 Thread 0x00007fd485192800 Exception <a 'java/security/PrivilegedActionException'> (0x00000007bd4fab50) thrown at [/HUDSON3/workspace/8-2-build-macosx-x86_64/jdk8u25/1514/hotspot/src/share/vm/prims/jvm.cpp, line 1312]
Event: 1051.606 Thread 0x00007fd484175800 Exception <a 'java/security/PrivilegedActionException'> (0x00000007bd746f68) thrown at [/HUDSON3/workspace/8-2-build-macosx-x86_64/jdk8u25/1514/hotspot/src/share/vm/prims/jvm.cpp, line 1312]
Event: 1051.606 Thread 0x00007fd484175800 Exception <a 'java/security/PrivilegedActionException'> (0x00000007bd74fa88) thrown at [/HUDSON3/workspace/8-2-build-macosx-x86_64/jdk8u25/1514/hotspot/src/share/vm/prims/jvm.cpp, line 1312]
Event: 1051.607 Thread 0x00007fd485192800 Exception <a 'java/security/PrivilegedActionException'> (0x00000007bd74e3f8) thrown at [/HUDSON3/workspace/8-2-build-macosx-x86_64/jdk8u25/1514/hotspot/src/share/vm/prims/jvm.cpp, line 1312]
Event: 1051.607 Thread 0x00007fd485192800 Exception <a 'java/security/PrivilegedActionException'> (0x00000007bd761508) thrown at [/HUDSON3/workspace/8-2-build-macosx-x86_64/jdk8u25/1514/hotspot/src/share/vm/prims/jvm.cpp, line 1312]
Event: 1054.031 Thread 0x00007fd484175800 Exception <a 'java/security/PrivilegedActionException'> (0x00000007bc890148) thrown at [/HUDSON3/workspace/8-2-build-macosx-x86_64/jdk8u25/1514/hotspot/src/share/vm/prims/jvm.cpp, line 1312]
Event: 1054.031 Thread 0x00007fd484175800 Exception <a 'java/security/PrivilegedActionException'> (0x00000007bc8968f0) thrown at [/HUDSON3/workspace/8-2-build-macosx-x86_64/jdk8u25/1514/hotspot/src/share/vm/prims/jvm.cpp, line 1312]

Events (10 events):
Event: 1062.253 Thread 0x00007fd482028800 flushing nmethod 0x00000001110e2310
Event: 1062.254 Thread 0x00007fd482028800 flushing nmethod 0x00000001110e4590
Event: 1062.254 Thread 0x00007fd482028800 flushing nmethod 0x00000001110fd390
Event: 1062.254 Thread 0x00007fd482028800 flushing nmethod 0x000000011115d090
Event: 1062.254 Thread 0x00007fd482028800 flushing nmethod 0x000000011115d9d0
Event: 1062.254 Thread 0x00007fd482028800 flushing nmethod 0x00000001111695d0
Event: 1062.254 Thread 0x00007fd482028800 flushing nmethod 0x00000001111f7290
Event: 1062.254 Thread 0x00007fd482028800 flushing nmethod 0x0000000111379a50
Event: 1062.255 Thread 0x00007fd482028800 flushing nmethod 0x00000001115f2c90
Event: 1062.306 Executing VM operation: ParallelGCFailedAllocation


Dynamic libraries:
0x000000000c748000 	/System/Library/Frameworks/Cocoa.framework/Versions/A/Cocoa
0x000000000c748000 	/System/Library/Frameworks/Security.framework/Versions/A/Security
0x000000000c748000 	/System/Library/Frameworks/ApplicationServices.framework/Versions/A/ApplicationServices
0x000000000c748000 	/usr/lib/libz.1.dylib
0x000000000c748000 	/usr/lib/libSystem.B.dylib
0x000000000c748000 	/usr/lib/libobjc.A.dylib
0x000000000c748000 	/System/Library/Frameworks/CoreFoundation.framework/Versions/A/CoreFoundation
0x000000000c748000 	/System/Library/Frameworks/Foundation.framework/Versions/C/Foundation
0x000000000c748000 	/System/Library/Frameworks/AppKit.framework/Versions/C/AppKit
0x000000000c748000 	/System/Library/Frameworks/CoreData.framework/Versions/A/CoreData
0x000000000c748000 	/System/Library/PrivateFrameworks/RemoteViewServices.framework/Versions/A/RemoteViewServices
0x000000000c748000 	/System/Library/PrivateFrameworks/UIFoundation.framework/Versions/A/UIFoundation
0x000000000c748000 	/System/Library/Frameworks/IOSurface.framework/Versions/A/IOSurface
0x000000000c748000 	/System/Library/Frameworks/AudioToolbox.framework/Versions/A/AudioToolbox
0x000000000c748000 	/System/Library/Frameworks/AudioUnit.framework/Versions/A/AudioUnit
0x000000000c748000 	/System/Library/PrivateFrameworks/DataDetectorsCore.framework/Versions/A/DataDetectorsCore
0x000000000c748000 	/System/Library/PrivateFrameworks/DesktopServicesPriv.framework/Versions/A/DesktopServicesPriv
0x000000000c748000 	/System/Library/Frameworks/Carbon.framework/Versions/A/Frameworks/HIToolbox.framework/Versions/A/HIToolbox
0x000000000c748000 	/System/Library/Frameworks/QuartzCore.framework/Versions/A/QuartzCore
0x000000000c748000 	/System/Library/Frameworks/Carbon.framework/Versions/A/Frameworks/SpeechRecognition.framework/Versions/A/SpeechRecognition
0x000000000c748000 	/usr/lib/libauto.dylib
0x000000000c748000 	/usr/lib/libicucore.A.dylib
0x000000000c748000 	/usr/lib/libxml2.2.dylib
0x000000000c748000 	/System/Library/PrivateFrameworks/CoreUI.framework/Versions/A/CoreUI
0x000000000c748000 	/System/Library/Frameworks/CoreAudio.framework/Versions/A/CoreAudio
0x000000000c748000 	/System/Library/Frameworks/DiskArbitration.framework/Versions/A/DiskArbitration
0x000000000c748000 	/usr/lib/liblangid.dylib
0x000000000c748000 	/System/Library/PrivateFrameworks/MultitouchSupport.framework/Versions/A/MultitouchSupport
0x000000000c748000 	/System/Library/Frameworks/IOKit.framework/Versions/A/IOKit
0x000000000c748000 	/usr/lib/libDiagnosticMessagesClient.dylib
0x000000000c748000 	/System/Library/Frameworks/CoreServices.framework/Versions/A/CoreServices
0x000000000c748000 	/System/Library/PrivateFrameworks/PerformanceAnalysis.framework/Versions/A/PerformanceAnalysis
0x000000000c748000 	/System/Library/PrivateFrameworks/GenerationalStorage.framework/Versions/A/GenerationalStorage
0x000000000c748000 	/System/Library/Frameworks/OpenGL.framework/Versions/A/OpenGL
0x000000000c748000 	/System/Library/PrivateFrameworks/Sharing.framework/Versions/A/Sharing
0x000000000c748000 	/System/Library/Frameworks/CoreGraphics.framework/Versions/A/CoreGraphics
0x000000000c748000 	/System/Library/Frameworks/CoreText.framework/Versions/A/CoreText
0x000000000c748000 	/System/Library/Frameworks/ImageIO.framework/Versions/A/ImageIO
0x000000000c748000 	/usr/lib/libextension.dylib
0x000000000c748000 	/System/Library/PrivateFrameworks/Backup.framework/Versions/A/Backup
0x000000000c748000 	/usr/lib/libarchive.2.dylib
0x000000000c748000 	/System/Library/Frameworks/CFNetwork.framework/Versions/A/CFNetwork
0x000000000c748000 	/System/Library/Frameworks/SystemConfiguration.framework/Versions/A/SystemConfiguration
0x000000000c748000 	/usr/lib/libCRFSuite.dylib
0x000000000c748000 	/usr/lib/libc++.1.dylib
0x000000000c748000 	/usr/lib/libc++abi.dylib
0x000000000c748000 	/usr/lib/system/libcache.dylib
0x000000000c748000 	/usr/lib/system/libcommonCrypto.dylib
0x000000000c748000 	/usr/lib/system/libcompiler_rt.dylib
0x000000000c748000 	/usr/lib/system/libcopyfile.dylib
0x000000000c748000 	/usr/lib/system/libcorecrypto.dylib
0x000000000c748000 	/usr/lib/system/libdispatch.dylib
0x000000000c748000 	/usr/lib/system/libdyld.dylib
0x000000000c748000 	/usr/lib/system/libkeymgr.dylib
0x000000000c748000 	/usr/lib/system/liblaunch.dylib
0x000000000c748000 	/usr/lib/system/libmacho.dylib
0x000000000c748000 	/usr/lib/system/libquarantine.dylib
0x000000000c748000 	/usr/lib/system/libremovefile.dylib
0x000000000c748000 	/usr/lib/system/libsystem_asl.dylib
0x000000000c748000 	/usr/lib/system/libsystem_blocks.dylib
0x000000000c748000 	/usr/lib/system/libsystem_c.dylib
0x000000000c748000 	/usr/lib/system/libsystem_configuration.dylib
0x000000000c748000 	/usr/lib/system/libsystem_coreservices.dylib
0x000000000c748000 	/usr/lib/system/libsystem_coretls.dylib
0x000000000c748000 	/usr/lib/system/libsystem_dnssd.dylib
0x000000000c748000 	/usr/lib/system/libsystem_info.dylib
0x000000000c748000 	/usr/lib/system/libsystem_kernel.dylib
0x000000000c748000 	/usr/lib/system/libsystem_m.dylib
0x000000000c748000 	/usr/lib/system/libsystem_malloc.dylib
0x000000000c748000 	/usr/lib/system/libsystem_network.dylib
0x000000000c748000 	/usr/lib/system/libsystem_networkextension.dylib
0x000000000c748000 	/usr/lib/system/libsystem_notify.dylib
0x000000000c748000 	/usr/lib/system/libsystem_platform.dylib
0x000000000c748000 	/usr/lib/system/libsystem_pthread.dylib
0x000000000c748000 	/usr/lib/system/libsystem_sandbox.dylib
0x000000000c748000 	/usr/lib/system/libsystem_secinit.dylib
0x000000000c748000 	/usr/lib/system/libsystem_stats.dylib
0x000000000c748000 	/usr/lib/system/libsystem_trace.dylib
0x000000000c748000 	/usr/lib/system/libunc.dylib
0x000000000c748000 	/usr/lib/system/libunwind.dylib
0x000000000c748000 	/usr/lib/system/libxpc.dylib
0x000000000c748000 	/usr/lib/libbz2.1.0.dylib
0x000000000c748000 	/usr/lib/liblzma.5.dylib
0x000000000c748000 	/usr/lib/libbsm.0.dylib
0x000000000c748000 	/usr/lib/libsqlite3.dylib
0x000000000c748000 	/usr/lib/system/libkxld.dylib
0x000000000c748000 	/usr/lib/libxar.1.dylib
0x000000000c748000 	/usr/lib/libpam.2.dylib
0x000000000c748000 	/usr/lib/libOpenScriptingUtil.dylib
0x000000000c748000 	/System/Library/Frameworks/CoreServices.framework/Versions/A/Frameworks/FSEvents.framework/Versions/A/FSEvents
0x000000000c748000 	/System/Library/Frameworks/CoreServices.framework/Versions/A/Frameworks/CarbonCore.framework/Versions/A/CarbonCore
0x000000000c748000 	/System/Library/Frameworks/CoreServices.framework/Versions/A/Frameworks/Metadata.framework/Versions/A/Metadata
0x000000000c748000 	/System/Library/Frameworks/CoreServices.framework/Versions/A/Frameworks/OSServices.framework/Versions/A/OSServices
0x000000000c748000 	/System/Library/Frameworks/CoreServices.framework/Versions/A/Frameworks/SearchKit.framework/Versions/A/SearchKit
0x000000000c748000 	/System/Library/Frameworks/CoreServices.framework/Versions/A/Frameworks/AE.framework/Versions/A/AE
0x000000000c748000 	/System/Library/Frameworks/CoreServices.framework/Versions/A/Frameworks/LaunchServices.framework/Versions/A/LaunchServices
0x000000000c748000 	/System/Library/Frameworks/CoreServices.framework/Versions/A/Frameworks/DictionaryServices.framework/Versions/A/DictionaryServices
0x000000000c748000 	/System/Library/Frameworks/NetFS.framework/Versions/A/NetFS
0x000000000c748000 	/System/Library/PrivateFrameworks/NetAuth.framework/Versions/A/NetAuth
0x000000000c748000 	/System/Library/PrivateFrameworks/login.framework/Versions/A/Frameworks/loginsupport.framework/Versions/A/loginsupport
0x000000000c748000 	/System/Library/PrivateFrameworks/TCC.framework/Versions/A/TCC
0x000000000c748000 	/usr/lib/libmecabra.dylib
0x000000000c748000 	/System/Library/PrivateFrameworks/LanguageModeling.framework/Versions/A/LanguageModeling
0x000000000c748000 	/usr/lib/libcmph.dylib
0x000000000c748000 	/usr/lib/libiconv.2.dylib
0x000000000c748000 	/System/Library/Frameworks/OpenDirectory.framework/Versions/A/Frameworks/CFOpenDirectory.framework/Versions/A/CFOpenDirectory
0x000000000c748000 	/System/Library/Frameworks/ServiceManagement.framework/Versions/A/ServiceManagement
0x000000000c748000 	/usr/lib/libxslt.1.dylib
0x000000000c748000 	/System/Library/Frameworks/Carbon.framework/Versions/A/Frameworks/Ink.framework/Versions/A/Ink
0x000000000c748000 	/System/Library/Frameworks/ApplicationServices.framework/Versions/A/Frameworks/ATS.framework/Versions/A/ATS
0x000000000c748000 	/System/Library/Frameworks/ApplicationServices.framework/Versions/A/Frameworks/ColorSync.framework/Versions/A/ColorSync
0x000000000c748000 	/System/Library/Frameworks/ApplicationServices.framework/Versions/A/Frameworks/HIServices.framework/Versions/A/HIServices
0x000000000c748000 	/System/Library/Frameworks/ApplicationServices.framework/Versions/A/Frameworks/LangAnalysis.framework/Versions/A/LangAnalysis
0x000000000c748000 	/System/Library/Frameworks/ApplicationServices.framework/Versions/A/Frameworks/PrintCore.framework/Versions/A/PrintCore
0x000000000c748000 	/System/Library/Frameworks/ApplicationServices.framework/Versions/A/Frameworks/QD.framework/Versions/A/QD
0x000000000c748000 	/System/Library/Frameworks/ApplicationServices.framework/Versions/A/Frameworks/SpeechSynthesis.framework/Versions/A/SpeechSynthesis
0x000000000c748000 	/System/Library/Frameworks/Accelerate.framework/Versions/A/Accelerate
0x000000000c748000 	/System/Library/Frameworks/Accelerate.framework/Versions/A/Frameworks/vImage.framework/Versions/A/vImage
0x000000000c748000 	/System/Library/Frameworks/Accelerate.framework/Versions/A/Frameworks/vecLib.framework/Versions/A/vecLib
0x000000000c748000 	/System/Library/Frameworks/Accelerate.framework/Versions/A/Frameworks/vecLib.framework/Versions/A/libvDSP.dylib
0x000000000c748000 	/System/Library/Frameworks/Accelerate.framework/Versions/A/Frameworks/vecLib.framework/Versions/A/libvMisc.dylib
0x000000000c748000 	/System/Library/Frameworks/Accelerate.framework/Versions/A/Frameworks/vecLib.framework/Versions/A/libLAPACK.dylib
0x000000000c748000 	/System/Library/Frameworks/Accelerate.framework/Versions/A/Frameworks/vecLib.framework/Versions/A/libBLAS.dylib
0x000000000c748000 	/System/Library/Frameworks/Accelerate.framework/Versions/A/Frameworks/vecLib.framework/Versions/A/libLinearAlgebra.dylib
0x000000000c748000 	/System/Library/Frameworks/ApplicationServices.framework/Versions/A/Frameworks/ATS.framework/Versions/A/Resources/libFontParser.dylib
0x000000000c748000 	/System/Library/Frameworks/ApplicationServices.framework/Versions/A/Frameworks/ATS.framework/Versions/A/Resources/libFontRegistry.dylib
0x000000000c748000 	/System/Library/PrivateFrameworks/AppleVPA.framework/Versions/A/AppleVPA
0x000000000c748000 	/System/Library/PrivateFrameworks/AppleJPEG.framework/Versions/A/AppleJPEG
0x000000000c748000 	/System/Library/Frameworks/ImageIO.framework/Versions/A/Resources/libJPEG.dylib
0x000000000c748000 	/System/Library/Frameworks/ImageIO.framework/Versions/A/Resources/libTIFF.dylib
0x000000000c748000 	/System/Library/Frameworks/ImageIO.framework/Versions/A/Resources/libPng.dylib
0x000000000c748000 	/System/Library/Frameworks/ImageIO.framework/Versions/A/Resources/libGIF.dylib
0x000000000c748000 	/System/Library/Frameworks/ImageIO.framework/Versions/A/Resources/libJP2.dylib
0x000000000c748000 	/System/Library/Frameworks/ImageIO.framework/Versions/A/Resources/libRadiance.dylib
0x000000000c748000 	/System/Library/Frameworks/CoreVideo.framework/Versions/A/CoreVideo
0x000000000c748000 	/System/Library/Frameworks/OpenGL.framework/Versions/A/Libraries/libGLU.dylib
0x000000000c748000 	/System/Library/Frameworks/OpenGL.framework/Versions/A/Libraries/libGFXShared.dylib
0x000000000c748000 	/System/Library/Frameworks/OpenGL.framework/Versions/A/Libraries/libGL.dylib
0x000000000c748000 	/System/Library/Frameworks/OpenGL.framework/Versions/A/Libraries/libGLImage.dylib
0x000000000c748000 	/System/Library/Frameworks/OpenGL.framework/Versions/A/Libraries/libCVMSPluginSupport.dylib
0x000000000c748000 	/System/Library/Frameworks/OpenGL.framework/Versions/A/Libraries/libCoreVMClient.dylib
0x000000000c748000 	/usr/lib/libcups.2.dylib
0x000000000c748000 	/System/Library/Frameworks/Kerberos.framework/Versions/A/Kerberos
0x000000000c748000 	/System/Library/Frameworks/GSS.framework/Versions/A/GSS
0x000000000c748000 	/usr/lib/libresolv.9.dylib
0x000000000c748000 	/System/Library/PrivateFrameworks/Heimdal.framework/Versions/A/Heimdal
0x000000000c748000 	/usr/lib/libheimdal-asn1.dylib
0x000000000c748000 	/System/Library/Frameworks/OpenDirectory.framework/Versions/A/OpenDirectory
0x000000000c748000 	/System/Library/PrivateFrameworks/CommonAuth.framework/Versions/A/CommonAuth
0x000000000c748000 	/System/Library/Frameworks/SecurityFoundation.framework/Versions/A/SecurityFoundation
0x000000000c748000 	/System/Library/Frameworks/QuartzCore.framework/Versions/A/Frameworks/CoreImage.framework/Versions/A/CoreImage
0x000000000c748000 	/System/Library/PrivateFrameworks/CrashReporterSupport.framework/Versions/A/CrashReporterSupport
0x000000000c748000 	/System/Library/Frameworks/OpenCL.framework/Versions/A/OpenCL
0x000000000c748000 	/System/Library/PrivateFrameworks/FaceCore.framework/Versions/A/FaceCore
0x000000000c748000 	/System/Library/PrivateFrameworks/Ubiquity.framework/Versions/A/Ubiquity
0x000000000c748000 	/System/Library/PrivateFrameworks/IconServices.framework/Versions/A/IconServices
0x000000000c748000 	/System/Library/PrivateFrameworks/ChunkingLibrary.framework/Versions/A/ChunkingLibrary
0x000000000c748000 	/System/Library/PrivateFrameworks/Apple80211.framework/Versions/A/Apple80211
0x000000000c748000 	/System/Library/Frameworks/CoreWLAN.framework/Versions/A/CoreWLAN
0x000000000c748000 	/System/Library/Frameworks/IOBluetooth.framework/Versions/A/IOBluetooth
0x000000000c748000 	/System/Library/PrivateFrameworks/CoreWiFi.framework/Versions/A/CoreWiFi
0x000000000c748000 	/System/Library/Frameworks/CoreBluetooth.framework/Versions/A/CoreBluetooth
0x000000000c748000 	/System/Library/PrivateFrameworks/DebugSymbols.framework/Versions/A/DebugSymbols
0x000000000c748000 	/System/Library/PrivateFrameworks/CoreSymbolication.framework/Versions/A/CoreSymbolication
0x000000000c748000 	/System/Library/PrivateFrameworks/Symbolication.framework/Versions/A/Symbolication
0x000000000c748000 	/System/Library/PrivateFrameworks/SpeechRecognitionCore.framework/Versions/A/SpeechRecognitionCore
0x0000000104800000 	/Library/Java/JavaVirtualMachines/jdk1.8.0_25.jdk/Contents/Home/jre/lib/server/libjvm.dylib
0x000000000c748000 	/usr/lib/libstdc++.6.dylib
0x000000010371d000 	/Library/Java/JavaVirtualMachines/jdk1.8.0_25.jdk/Contents/Home/jre/lib/libverify.dylib
0x000000010372b000 	/Library/Java/JavaVirtualMachines/jdk1.8.0_25.jdk/Contents/Home/jre/lib/libjava.dylib
0x0000000103769000 	/Library/Java/JavaVirtualMachines/jdk1.8.0_25.jdk/Contents/Home/jre/lib/libzip.dylib
0x0000000118721000 	/System/Library/Frameworks/JavaVM.framework/Frameworks/JavaRuntimeSupport.framework/JavaRuntimeSupport
0x0000000118737000 	/System/Library/Frameworks/JavaVM.framework/Versions/A/Frameworks/JavaNativeFoundation.framework/Versions/A/JavaNativeFoundation
0x000000011874b000 	/System/Library/Frameworks/JavaVM.framework/Versions/A/JavaVM
0x000000000c748000 	/System/Library/Frameworks/Carbon.framework/Versions/A/Carbon
0x0000000118757000 	/System/Library/PrivateFrameworks/JavaLaunching.framework/Versions/A/JavaLaunching
0x000000000c748000 	/System/Library/Frameworks/Carbon.framework/Versions/A/Frameworks/CommonPanels.framework/Versions/A/CommonPanels
0x000000000c748000 	/System/Library/Frameworks/Carbon.framework/Versions/A/Frameworks/Help.framework/Versions/A/Help
0x000000000c748000 	/System/Library/Frameworks/Carbon.framework/Versions/A/Frameworks/ImageCapture.framework/Versions/A/ImageCapture
0x000000000c748000 	/System/Library/Frameworks/Carbon.framework/Versions/A/Frameworks/OpenScripting.framework/Versions/A/OpenScripting
0x000000000c748000 	/System/Library/Frameworks/Carbon.framework/Versions/A/Frameworks/Print.framework/Versions/A/Print
0x000000000c748000 	/System/Library/Frameworks/Carbon.framework/Versions/A/Frameworks/SecurityHI.framework/Versions/A/SecurityHI
0x000000011a8e5000 	/Library/Java/JavaVirtualMachines/jdk1.8.0_25.jdk/Contents/Home/jre/lib/libnet.dylib
0x000000011a8fc000 	/Library/Java/JavaVirtualMachines/jdk1.8.0_25.jdk/Contents/Home/jre/lib/libnio.dylib
0x000000011a858000 	/private/var/folders/p5/vppfpn9n0dl0cf505bryz0ww0000gn/T/jffi7355316180919672029.tmp
0x0000000118762000 	/Library/Java/JavaVirtualMachines/jdk1.8.0_25.jdk/Contents/Home/jre/lib/libsunec.dylib

VM Arguments:
jvm_args: -Daspace.config.backend_url=http://localhost:4567 -Daspace.config.data_directory=/Users/chrisfitzpatrick/Documents/archivesspace/build/../build -Dfile.encoding=UTF-8 -Daspace.config.search_user_secret=devserver -Daspace.config.public_user_secret=devserver -Daspace.config.staff_user_secret=devserver -Daspace.devserver=true -Daspace.config.frontend_cookie_secret=devserver -Daspace.config.public_cookie_secret=devserver -Daspace.config.solr_url=http://localhost:2999 -Xmx256M -XX:MaxPermSize=128M -Daspace.config.backend_url=http://localhost:3636 -Daspace.config.search_user_secret=devserver -Daspace.config.public_user_secret=devserver -Daspace.config.public_cookie_secret=devserver -Daspace.config.solr_url=http://localhost:2999 -Daspace.config.frontend_cookie_secret=devserver -Daspace.config.data_directory=/Users/chrisfitzpatrick/Documents/archivesspace/build/../build -Daspace.config.staff_user_secret=devserver 
java_command: org.jruby.Main script/rails s Puma --port=4545
java_class_path (initial): /Users/chrisfitzpatrick/Documents/archivesspace/build/jruby-complete-1.7.11.jar:/Users/chrisfitzpatrick/Documents/archivesspace/common:/Users/chrisfitzpatrick/Documents/archivesspace/common/lib/avalon-framework-4.2.0.jar:/Users/chrisfitzpatrick/Documents/archivesspace/common/lib/batik-all-1.7.jar:/Users/chrisfitzpatrick/Documents/archivesspace/common/lib/commons-beanutils-1.8.0.jar:/Users/chrisfitzpatrick/Documents/archivesspace/common/lib/commons-cli-1.0.jar:/Users/chrisfitzpatrick/Documents/archivesspace/common/lib/commons-collections-3.2.1.jar:/Users/chrisfitzpatrick/Documents/archivesspace/common/lib/commons-dbcp-1.2.jar:/Users/chrisfitzpatrick/Documents/archivesspace/common/lib/commons-digester-2.1.jar:/Users/chrisfitzpatrick/Documents/archivesspace/common/lib/commons-discovery-0.2.jar:/Users/chrisfitzpatrick/Documents/archivesspace/common/lib/commons-io-1.3.1.jar:/Users/chrisfitzpatrick/Documents/archivesspace/common/lib/commons-javaflow-20060411.jar:/Users/chrisfitzpatrick/Documents/archivesspace/common/lib/commons-lang-2.4.jar:/Users/chrisfitzpatrick/Documents/archivesspace/common/lib/commons-logging-1.1.1.jar:/Users/chrisfitzpatrick/Documents/archivesspace/common/lib/commons-math-1.0.jar:/Users/chrisfitzpatrick/Documents/archivesspace/common/lib/commons-pool-1.3.jar:/Users/chrisfitzpatrick/Documents/archivesspace/common/lib/commons-vfs-1.0.jar:/Users/chrisfitzpatrick/Documents/archivesspace/common/lib/core-renderer.jar:/Users/chrisfitzpatrick/Documents/archivesspace/common/lib/fop.jar:/Users/chrisfitzpatrick/Documents/archivesspace/common/lib/itext-2.1.7.js2.jar:/Users/chrisfitzpatrick/Documents/archivesspace/common/lib/jackson-annotations-2.1.4.jar:/Users/chrisfitzpatrick/Documents/archivesspace/common/lib/jackson-core-2.1.4.jar:/Users/chrisfitzpatrick/Documents/archivesspace/common/lib/jackson-databind-2.1.4.jar:/Users/chrisfitzpatrick/Documents/archivesspace/common/lib/jasperreports-5.6.0.jar:/Users/chrisfitzpatrick/Documents
Launcher Type: SUN_STANDARD

Environment Variables:
PATH=/Users/chrisfitzpatrick/Documents/archivesspace/build/gems/bin:/Users/chrisfitzpatrick/bin:/usr/local/bin:/usr/local/share/npm/bin:/usr/local/opt/postgresql/bin:/usr/bin:/bin:/usr/sbin:/sbin
SHELL=/bin/bash

Signal Handlers:
SIGSEGV: [libjvm.dylib+0x579dc7], sa_mask[0]=11111111011111110111111111111111, sa_flags=SA_ONSTACK|SA_RESTART|SA_SIGINFO
SIGBUS: [libjvm.dylib+0x579dc7], sa_mask[0]=11111111011111110111111111111111, sa_flags=SA_RESTART|SA_SIGINFO
SIGFPE: [libjvm.dylib+0x45b030], sa_mask[0]=11111111011111110111111111111111, sa_flags=SA_RESTART|SA_SIGINFO
SIGPIPE: [libjvm.dylib+0x45b030], sa_mask[0]=11111111011111110111111111111111, sa_flags=SA_RESTART|SA_SIGINFO
SIGXFSZ: [libjvm.dylib+0x45b030], sa_mask[0]=11111111011111110111111111111111, sa_flags=SA_RESTART|SA_SIGINFO
SIGILL: [libjvm.dylib+0x45b030], sa_mask[0]=11111111011111110111111111111111, sa_flags=SA_RESTART|SA_SIGINFO
SIGUSR1: SIG_DFL, sa_mask[0]=11011111011111100000000111000110, sa_flags=none
SIGUSR2: [libjvm.dylib+0x45ab4e], sa_mask[0]=00100000000000000000000000000000, sa_flags=SA_RESTART|SA_SIGINFO
SIGHUP: [libjvm.dylib+0x459121], sa_mask[0]=11111111011111110111111111111111, sa_flags=SA_RESTART|SA_SIGINFO
SIGINT: [libjvm.dylib+0x459121], sa_mask[0]=11111111011111110111111111111111, sa_flags=SA_RESTART|SA_SIGINFO
SIGTERM: [libjvm.dylib+0x459121], sa_mask[0]=11111111011111110111111111111111, sa_flags=SA_RESTART|SA_SIGINFO
SIGQUIT: [libjvm.dylib+0x459121], sa_mask[0]=11111111011111110111111111111111, sa_flags=SA_RESTART|SA_SIGINFO


---------------  S Y S T E M  ---------------

OS:Bsduname:Darwin 14.0.0 Darwin Kernel Version 14.0.0: Fri Sep 19 00:26:44 PDT 2014; root:xnu-2782.1.97~2/RELEASE_X86_64 x86_64
rlimit: STACK 8192k, CORE 0k, NPROC 709, NOFILE 10240, AS infinity
load average:4.81 4.77 4.27

CPU:total 8 (4 cores per cpu, 2 threads per core) family 6 model 70 stepping 1, cmov, cx8, fxsr, mmx, sse, sse2, sse3, ssse3, sse4.1, sse4.2, popcnt, avx, avx2, aes, clmul, erms, lzcnt, ht, tsc, tscinvbit, bmi1, bmi2

Memory: 4k page, physical 16777216k(892384k free)

/proc/meminfo:


vm_info: Java HotSpot(TM) 64-Bit Server VM (25.25-b02) for bsd-amd64 JRE (1.8.0_25-b17), built on Sep 17 2014 16:56:50 by "java_re" with gcc 4.2.1 (Based on Apple Inc. build 5658) (LLVM build 2336.11.00)

time: Wed Nov 12 22:27:05 2014
elapsed time: 1062 seconds (0d 0h 17m 42s)

